Added Component: Designator=C1(0603c)
Added Component: Designator=C2(0603c)
Added Component: Designator=C3(0603c)
Added Component: Designator=C4(0603c)
Added Component: Designator=C5(0603c)
Added Component: Designator=C6(0603c)
Added Component: Designator=C7(0603c)
Added Component: Designator=C8(0603c)
Added Component: Designator=C9(0603c)
Added Component: Designator=D1(0603c)
Added Component: Designator=D2(0603c)
Added Component: Designator=R1(0603c)
Added Component: Designator=R2(0603c)
Added Component: Designator=R3(0603c)
Added Component: Designator=R4(0603c)
Added Component: Designator=R5(0603c)
Added Component: Designator=R6(0603c)
Added Component: Designator=R7(0603c)
Added Pin To Net: NetName=GND Pin=C1-1
Added Pin To Net: NetName=NetC1_2 Pin=C1-2
Added Pin To Net: NetName=GND Pin=C2-1
Added Pin To Net: NetName=NetC2_2 Pin=C2-2
Added Pin To Net: NetName=GND Pin=C3-1
Added Pin To Net: NetName=NetC3_2 Pin=C3-2
Added Pin To Net: NetName=GND Pin=C4-1
Added Pin To Net: NetName=VCC Pin=C4-2
Added Pin To Net: NetName=GND Pin=C5-1
Added Pin To Net: NetName=VCC Pin=C5-2
Added Pin To Net: NetName=GND Pin=C6-1
Added Pin To Net: NetName=3.3V Pin=C6-2
Added Pin To Net: NetName=GND Pin=C7-1
Added Pin To Net: NetName=3.3V Pin=C7-2
Added Pin To Net: NetName=GND Pin=C8-1
Added Pin To Net: NetName=3.3V Pin=C8-2
Added Pin To Net: NetName=GND Pin=C9-1
Added Pin To Net: NetName=AD Pin=C9-2
Added Pin To Net: NetName=NetD1_1 Pin=D1-1
Added Pin To Net: NetName=GND Pin=D1-2
Added Pin To Net: NetName=NetD2_1 Pin=D2-1
Added Pin To Net: NetName=LED1 Pin=D2-2
Added Pin To Net: NetName=NetR1_1 Pin=R1-1
Added Pin To Net: NetName=GND Pin=R1-2
Added Pin To Net: NetName=GND Pin=R2-1
Added Pin To Net: NetName=NetR2_2 Pin=R2-2
Added Pin To Net: NetName=3.3V Pin=R3-1
Added Pin To Net: NetName=NetC3_2 Pin=R3-2
Added Pin To Net: NetName=3.3V Pin=R4-1
Added Pin To Net: NetName=NetD1_1 Pin=R4-2
Added Pin To Net: NetName=VCC Pin=R5-1
Added Pin To Net: NetName=AD Pin=R5-2
Added Pin To Net: NetName=AD Pin=R6-1
Added Pin To Net: NetName=GND Pin=R6-2
Added Pin To Net: NetName=3.3V Pin=R7-1
Added Pin To Net: NetName=NetD2_1 Pin=R7-2
Added Member To Class: ClassName=Sheet2 Member=Component C1 cap
Added Member To Class: ClassName=Sheet2 Member=Component C2 cap
Added Member To Class: ClassName=Sheet2 Member=Component C3 cap
Added Member To Class: ClassName=Sheet2 Member=Component C4 cap
Added Member To Class: ClassName=Sheet2 Member=Component C5 cap
Added Member To Class: ClassName=Sheet2 Member=Component C6 cap
Added Member To Class: ClassName=Sheet2 Member=Component C7 cap
Added Member To Class: ClassName=Sheet2 Member=Component C8 cap
Added Member To Class: ClassName=Sheet2 Member=Component C9 cap
Added Member To Class: ClassName=Sheet2 Member=Component D1 LED0
Added Member To Class: ClassName=Sheet2 Member=Component D2 LED0
Added Member To Class: ClassName=Sheet2 Member=Component R1 res
Added Member To Class: ClassName=Sheet2 Member=Component R2 res
Added Member To Class: ClassName=Sheet2 Member=Component R3 res
Added Member To Class: ClassName=Sheet2 Member=Component R4 res
Added Member To Class: ClassName=Sheet2 Member=Component R5 res
Added Member To Class: ClassName=Sheet2 Member=Component R6 res
Added Member To Class: ClassName=Sheet2 Member=Component R7 res
Added Room: Name=Sheet2
