Change Component Designator: Old Designator=C2 New Designator=C1
Change Component Designator: Old Designator=C4 New Designator=C2
Change Component Designator: Old Designator=C5 New Designator=C3
Change Component Designator: Old Designator=C8 New Designator=C4
Change Component Designator: Old Designator=C9 New Designator=C5
Change Component Designator: Old Designator=C10 New Designator=C8
Change Component Designator: Old Designator=C11 New Designator=C6
Change Component Designator: Old Designator=C12 New Designator=C7
Change Component Designator: Old Designator=C13 New Designator=C9
Change Component Designator: Old Designator=L1 New Designator=L2
Change Component Designator: Old Designator=L2 New Designator=L1
Change Component Designator: Old Designator=P1 New Designator=P5
Change Component Designator: Old Designator=P2 New Designator=P3
Change Component Designator: Old Designator=P3 New Designator=P4
Change Component Designator: Old Designator=P5 New Designator=P7
Change Component Designator: Old Designator=P6 New Designator=P2
Change Component Designator: Old Designator=P? New Designator=P8
Change Component Designator: Old Designator=R4 New Designator=R2
Change Component Designator: Old Designator=R4 New Designator=R3
Change Component Designator: Old Designator=R5 New Designator=R4
Change Component Designator: Old Designator=R6 New Designator=R5
Change Component Designator: Old Designator=R15 New Designator=R6
Change Component Designator: Old Designator=S? New Designator=S1
Change Component Designator: Old Designator=S? New Designator=S2
Change Component Designator: Old Designator=U3 New Designator=U2
