Added Component: Designator=1(0603c)
Added Component: Designator=2(0603c)
Added Component: Designator=3(0603c)
Added Component: Designator=C1(0603c)
Added Component: Designator=C2(0603c)
Added Component: Designator=C3(0603c)
Added Component: Designator=C4(0603c)
Added Component: Designator=C5(0603c)
Added Component: Designator=C6(0603c)
Added Component: Designator=C7(0603c)
Added Component: Designator=C8(0603c)
Added Component: Designator=key1(7243)
Added Component: Designator=KEY2(DIP6)
Added Component: Designator=P1(MHDR1X3)
Added Component: Designator=P2(MHDR1X3)
Added Component: Designator=P3(MHDR1X3)
Added Component: Designator=P4(MHDR1X3)
Added Component: Designator=P5(MHDR1X3)
Added Component: Designator=P6(MHDR1X3)
Added Component: Designator=P7(MHDR1X3)
Added Component: Designator=P8(MHDR1X3)
Added Component: Designator=P9(MHDR1X3)
Added Component: Designator=P10(HDR2X4)
Added Component: Designator=P11(HDR2X11)
Added Component: Designator=R1(0603c)
Added Component: Designator=R2(0603c)
Added Component: Designator=R3(0603c)
Added Component: Designator=R4(0603c)
Added Component: Designator=R5(0603c)
Added Component: Designator=R6(0603c)
Added Component: Designator=R7(0603c)
Added Component: Designator=R8(0603c)
Added Component: Designator=R9(0603c)
Added Component: Designator=R10(0603c)
Added Component: Designator=R11(0603c)
Added Component: Designator=ST1(HDR1X4)
Added Component: Designator=ST2(HDR1X4)
Added Component: Designator=U1(LQFP64)
Added Component: Designator=U2(SOT-89)
Added Component: Designator=Y1(XTAL)
Added Pin To Net: NetName=D0 Pin=P11-14
Added Pin To Net: NetName=D0 Pin=U1-8
Added Net: Name=D0
Added Pin To Net: NetName=D1 Pin=P11-12
Added Pin To Net: NetName=D1 Pin=U1-9
Added Net: Name=D1
Added Pin To Net: NetName=D2 Pin=P11-10
Added Pin To Net: NetName=D2 Pin=U1-10
Added Net: Name=D2
Added Pin To Net: NetName=D3 Pin=P11-8
Added Pin To Net: NetName=D3 Pin=U1-11
Added Net: Name=D3
Added Pin To Net: NetName=D4 Pin=P11-7
Added Pin To Net: NetName=D4 Pin=U1-24
Added Net: Name=D4
Added Pin To Net: NetName=D5 Pin=P11-9
Added Pin To Net: NetName=D5 Pin=U1-25
Added Net: Name=D5
Added Pin To Net: NetName=D6 Pin=P11-11
Added Pin To Net: NetName=D6 Pin=U1-37
Added Net: Name=D6
Added Pin To Net: NetName=D7 Pin=P11-13
Added Pin To Net: NetName=D7 Pin=U1-38
Added Net: Name=D7
Added Pin To Net: NetName=FIFO_OE Pin=P11-20
Added Pin To Net: NetName=FIFO_OE Pin=U1-36
Added Net: Name=FIFO_OE
Added Pin To Net: NetName=FIFO_RCK Pin=P11-18
Added Pin To Net: NetName=FIFO_RCK Pin=U1-34
Added Net: Name=FIFO_RCK
Added Pin To Net: NetName=FIFO_RRST Pin=P11-22
Added Pin To Net: NetName=FIFO_RRST Pin=U1-40
Added Net: Name=FIFO_RRST
Added Pin To Net: NetName=FIFO_WRST Pin=P11-21
Added Pin To Net: NetName=FIFO_WRST Pin=U1-39
Added Net: Name=FIFO_WRST
Added Pin To Net: NetName=FIFO_WR Pin=P11-19
Added Pin To Net: NetName=FIFO_WR Pin=U1-35
Added Net: Name=FIFO_WR
Added Pin To Net: NetName=GND Pin=C1-1
Added Pin To Net: NetName=GND Pin=C2-1
Added Pin To Net: NetName=GND Pin=C3-1
Added Pin To Net: NetName=GND Pin=C4-1
Added Pin To Net: NetName=GND Pin=C5-1
Added Pin To Net: NetName=GND Pin=C6-1
Added Pin To Net: NetName=GND Pin=C7-1
Added Pin To Net: NetName=GND Pin=C8-1
Added Pin To Net: NetName=GND Pin=key1-1
Added Pin To Net: NetName=GND Pin=KEY2-4
Added Pin To Net: NetName=GND Pin=KEY2-5
Added Pin To Net: NetName=GND Pin=KEY2-6
Added Pin To Net: NetName=GND Pin=P1-3
Added Pin To Net: NetName=GND Pin=P3-3
Added Pin To Net: NetName=GND Pin=P4-3
Added Pin To Net: NetName=GND Pin=P5-3
Added Pin To Net: NetName=GND Pin=P6-3
Added Pin To Net: NetName=GND Pin=P7-3
Added Pin To Net: NetName=GND Pin=P8-3
Added Pin To Net: NetName=GND Pin=P9-3
Added Pin To Net: NetName=GND Pin=P10-2
Added Pin To Net: NetName=GND Pin=P10-4
Added Pin To Net: NetName=GND Pin=P10-6
Added Pin To Net: NetName=GND Pin=P10-8
Added Pin To Net: NetName=GND Pin=P11-2
Added Pin To Net: NetName=GND Pin=R1-2
Added Pin To Net: NetName=GND Pin=R3-2
Added Pin To Net: NetName=GND Pin=ST1-2
Added Pin To Net: NetName=GND Pin=ST2-3
Added Pin To Net: NetName=GND Pin=U1-12
Added Pin To Net: NetName=GND Pin=U1-18
Added Pin To Net: NetName=GND Pin=U1-31
Added Pin To Net: NetName=GND Pin=U1-47
Added Pin To Net: NetName=GND Pin=U1-63
Added Pin To Net: NetName=GND Pin=U2-1
Added Net: Name=GND
Added Pin To Net: NetName=HERF Pin=P11-6
Added Pin To Net: NetName=HERF Pin=U1-20
Added Net: Name=HERF
Added Pin To Net: NetName=I2C2_SCL Pin=P11-3
Added Pin To Net: NetName=I2C2_SCL Pin=R10-2
Added Pin To Net: NetName=I2C2_SCL Pin=U1-29
Added Net: Name=I2C2_SCL
Added Pin To Net: NetName=I2C2_SDA Pin=P11-4
Added Pin To Net: NetName=I2C2_SDA Pin=R11-2
Added Pin To Net: NetName=I2C2_SDA Pin=U1-30
Added Net: Name=I2C2_SDA
Added Pin To Net: NetName=KEY1 Pin=KEY2-1
Added Pin To Net: NetName=KEY1 Pin=R9-1
Added Pin To Net: NetName=KEY1 Pin=U1-55
Added Net: Name=KEY1
Added Pin To Net: NetName=KEY2 Pin=KEY2-2
Added Pin To Net: NetName=KEY2 Pin=R8-1
Added Pin To Net: NetName=KEY2 Pin=U1-56
Added Net: Name=KEY2
Added Pin To Net: NetName=KEY3 Pin=KEY2-3
Added Pin To Net: NetName=KEY3 Pin=R7-1
Added Pin To Net: NetName=KEY3 Pin=U1-57
Added Net: Name=KEY3
Added Pin To Net: NetName=LED1 Pin=U1-51
Added Net: Name=LED1
Added Pin To Net: NetName=LED2 Pin=U1-52
Added Net: Name=LED2
Added Pin To Net: NetName=Net1_A Pin=R4-2
Added Net: Name=Net1_A
Added Pin To Net: NetName=Net2_A Pin=R5-2
Added Net: Name=Net2_A
Added Pin To Net: NetName=Net3_A Pin=R6-2
Added Net: Name=Net3_A
Added Pin To Net: NetName=NetC1_2 Pin=C1-2
Added Pin To Net: NetName=NetC1_2 Pin=U1-5
Added Pin To Net: NetName=NetC1_2 Pin=Y1-2
Added Net: Name=NetC1_2
Added Pin To Net: NetName=NetC2_2 Pin=C2-2
Added Pin To Net: NetName=NetC2_2 Pin=U1-6
Added Pin To Net: NetName=NetC2_2 Pin=Y1-1
Added Net: Name=NetC2_2
Added Pin To Net: NetName=NetR1_1 Pin=R1-1
Added Pin To Net: NetName=NetR1_1 Pin=U1-60
Added Net: Name=NetR1_1
Added Pin To Net: NetName=NetR3_1 Pin=R3-1
Added Pin To Net: NetName=NetR3_1 Pin=U1-28
Added Net: Name=NetR3_1
Added Pin To Net: NetName=P-IN1 Pin=P1-1
Added Pin To Net: NetName=P-IN1 Pin=U1-58
Added Net: Name=P-IN1
Added Pin To Net: NetName=P-IN2 Pin=P2-1
Added Pin To Net: NetName=P-IN2 Pin=U1-59
Added Net: Name=P-IN2
Added Pin To Net: NetName=P-IN3 Pin=P2-2
Added Pin To Net: NetName=P-IN3 Pin=U1-61
Added Net: Name=P-IN3
Added Pin To Net: NetName=P-IN4 Pin=P2-3
Added Pin To Net: NetName=P-IN4 Pin=U1-62
Added Net: Name=P-IN4
Added Pin To Net: NetName=P-IN5 Pin=P3-1
Added Pin To Net: NetName=P-IN5 Pin=U1-14
Added Net: Name=P-IN5
Added Pin To Net: NetName=P-IN6 Pin=P3-2
Added Pin To Net: NetName=P-IN6 Pin=U1-15
Added Net: Name=P-IN6
Added Pin To Net: NetName=P-ONT1 Pin=U1-22
Added Net: Name=P-ONT1
Added Pin To Net: NetName=P-ONT2 Pin=U1-23
Added Net: Name=P-ONT2
Added Pin To Net: NetName=P-ONT3 Pin=U1-26
Added Net: Name=P-ONT3
Added Pin To Net: NetName=P-ONT4 Pin=U1-27
Added Net: Name=P-ONT4
Added Pin To Net: NetName=P-ONT5 Pin=U1-16
Added Net: Name=P-ONT5
Added Pin To Net: NetName=P-ONT6 Pin=U1-17
Added Net: Name=P-ONT6
Added Pin To Net: NetName=P-OUT1 Pin=P4-1
Added Net: Name=P-OUT1
Added Pin To Net: NetName=P-OUT2 Pin=P5-1
Added Net: Name=P-OUT2
Added Pin To Net: NetName=P-OUT3 Pin=P6-1
Added Net: Name=P-OUT3
Added Pin To Net: NetName=P-OUT4 Pin=P7-1
Added Net: Name=P-OUT4
Added Pin To Net: NetName=P-OUT5 Pin=P8-1
Added Net: Name=P-OUT5
Added Pin To Net: NetName=P-OUT6 Pin=P9-1
Added Net: Name=P-OUT6
Added Pin To Net: NetName=PWDN Pin=P11-16
Added Pin To Net: NetName=PWDN Pin=U1-45
Added Net: Name=PWDN
Added Pin To Net: NetName=RESET Pin=P11-15
Added Pin To Net: NetName=RESET Pin=U1-33
Added Net: Name=RESET
Added Pin To Net: NetName=RST Pin=C3-2
Added Pin To Net: NetName=RST Pin=key1-2
Added Pin To Net: NetName=RST Pin=R2-1
Added Pin To Net: NetName=RST Pin=U1-7
Added Net: Name=RST
Added Pin To Net: NetName=STROBE Pin=P11-17
Added Pin To Net: NetName=STROBE Pin=U1-53
Added Net: Name=STROBE
Added Pin To Net: NetName=SWCLK Pin=ST1-3
Added Pin To Net: NetName=SWCLK Pin=U1-49
Added Net: Name=SWCLK
Added Pin To Net: NetName=SWDIO Pin=ST1-1
Added Pin To Net: NetName=SWDIO Pin=U1-46
Added Net: Name=SWDIO
Added Pin To Net: NetName=U1_RX Pin=ST2-2
Added Pin To Net: NetName=U1_RX Pin=U1-43
Added Net: Name=U1_RX
Added Pin To Net: NetName=U1_TX Pin=ST2-1
Added Pin To Net: NetName=U1_TX Pin=U1-42
Added Net: Name=U1_TX
Added Pin To Net: NetName=VCC-3 Pin=C6-2
Added Pin To Net: NetName=VCC-3 Pin=C7-2
Added Pin To Net: NetName=VCC-3 Pin=P10-5
Added Pin To Net: NetName=VCC-3 Pin=P10-7
Added Pin To Net: NetName=VCC-3 Pin=P11-1
Added Pin To Net: NetName=VCC-3 Pin=R2-2
Added Pin To Net: NetName=VCC-3 Pin=R4-1
Added Pin To Net: NetName=VCC-3 Pin=R5-1
Added Pin To Net: NetName=VCC-3 Pin=R6-1
Added Pin To Net: NetName=VCC-3 Pin=R7-2
Added Pin To Net: NetName=VCC-3 Pin=R8-2
Added Pin To Net: NetName=VCC-3 Pin=R9-2
Added Pin To Net: NetName=VCC-3 Pin=R10-1
Added Pin To Net: NetName=VCC-3 Pin=R11-1
Added Pin To Net: NetName=VCC-3 Pin=ST1-4
Added Pin To Net: NetName=VCC-3 Pin=ST2-4
Added Pin To Net: NetName=VCC-3 Pin=U1-13
Added Pin To Net: NetName=VCC-3 Pin=U1-19
Added Pin To Net: NetName=VCC-3 Pin=U1-32
Added Pin To Net: NetName=VCC-3 Pin=U1-48
Added Pin To Net: NetName=VCC-3 Pin=U1-64
Added Pin To Net: NetName=VCC-3 Pin=U2-3
Added Net: Name=VCC-3
Added Pin To Net: NetName=VCC-5 Pin=C4-2
Added Pin To Net: NetName=VCC-5 Pin=C5-2
Added Pin To Net: NetName=VCC-5 Pin=P1-2
Added Pin To Net: NetName=VCC-5 Pin=P4-2
Added Pin To Net: NetName=VCC-5 Pin=P5-2
Added Pin To Net: NetName=VCC-5 Pin=P6-2
Added Pin To Net: NetName=VCC-5 Pin=P7-2
Added Pin To Net: NetName=VCC-5 Pin=P8-2
Added Pin To Net: NetName=VCC-5 Pin=P9-2
Added Pin To Net: NetName=VCC-5 Pin=P10-1
Added Pin To Net: NetName=VCC-5 Pin=P10-3
Added Pin To Net: NetName=VCC-5 Pin=U2-2
Added Net: Name=VCC-5
Added Pin To Net: NetName=VSYNC Pin=P11-5
Added Pin To Net: NetName=VSYNC Pin=U1-21
Added Net: Name=VSYNC
Added Class: Name=Sheet1
Added Room: Name=Sheet1
